# JRE version: OpenJDK Runtime Environment (8.0_76-b03) (build 1.8.0_76-release-b03)
# Java VM: OpenJDK 64-Bit Server VM (25.76-b03 mixed mode linux-amd64 compressed oops)
Heap:
 PSYoungGen      total 176128K, used 96938K [0x00000000e0000000, 0x00000000ec180000, 0x0000000100000000)
  eden space 160768K, 50% used [0x00000000e0000000,0x00000000e4fad5c0,0x00000000e9d00000)
  from space 15360K, 99% used [0x00000000eae80000,0x00000000ebd7d5d8,0x00000000ebd80000)
  to   space 17920K, 0% used [0x00000000e9d00000,0x00000000e9d00000,0x00000000eae80000)
 ParOldGen       total 88576K, used 46304K [0x00000000a0000000, 0x00000000a5680000, 0x00000000e0000000)
  object space 88576K, 52% used [0x00000000a0000000,0x00000000a2d383f8,0x00000000a5680000)
 Metaspace       used 51464K, capacity 52778K, committed 52992K, reserved 1095680K
  class space    used 6740K, capacity 7057K, committed 7168K, reserved 1048576K
GC Heap History (10 events):
Event: 140,893 GC heap before
{Heap before GC invocations=19 (full 2):
 PSYoungGen      total 119808K, used 119094K [0x00000000e0000000, 0x00000000e8180000, 0x0000000100000000)
  eden space 111616K, 100% used [0x00000000e0000000,0x00000000e6d00000,0x00000000e6d00000)
  from space 8192K, 91% used [0x00000000e7580000,0x00000000e7ccdba0,0x00000000e7d80000)
  to   space 8704K, 0% used [0x00000000e6d00000,0x00000000e6d00000,0x00000000e7580000)
 ParOldGen       total 45568K, used 23190K [0x00000000a0000000, 0x00000000a2c80000, 0x00000000e0000000)
  object space 45568K, 50% used [0x00000000a0000000,0x00000000a16a5b00,0x00000000a2c80000)
 Metaspace       used 48636K, capacity 49844K, committed 50048K, reserved 1093632K
  class space    used 6475K, capacity 6754K, committed 6784K, reserved 1048576K
Event: 141,058 GC heap after
Heap after GC invocations=19 (full 2):
 PSYoungGen      total 120320K, used 8673K [0x00000000e0000000, 0x00000000e9c00000, 0x0000000100000000)
  eden space 111616K, 0% used [0x00000000e0000000,0x00000000e0000000,0x00000000e6d00000)
  from space 8704K, 99% used [0x00000000e6d00000,0x00000000e7578710,0x00000000e7580000)
  to   space 12288K, 0% used [0x00000000e9000000,0x00000000e9000000,0x00000000e9c00000)
 ParOldGen       total 45568K, used 29184K [0x00000000a0000000, 0x00000000a2c80000, 0x00000000e0000000)
  object space 45568K, 64% used [0x00000000a0000000,0x00000000a1c80390,0x00000000a2c80000)
 Metaspace       used 48636K, capacity 49844K, committed 50048K, reserved 1093632K
  class space    used 6475K, capacity 6754K, committed 6784K, reserved 1048576K
}
Event: 148,831 GC heap before
{Heap before GC invocations=20 (full 2):
 PSYoungGen      total 120320K, used 120289K [0x00000000e0000000, 0x00000000e9c00000, 0x0000000100000000)
  eden space 111616K, 100% used [0x00000000e0000000,0x00000000e6d00000,0x00000000e6d00000)
  from space 8704K, 99% used [0x00000000e6d00000,0x00000000e7578710,0x00000000e7580000)
  to   space 12288K, 0% used [0x00000000e9000000,0x00000000e9000000,0x00000000e9c00000)
 ParOldGen       total 45568K, used 29184K [0x00000000a0000000, 0x00000000a2c80000, 0x00000000e0000000)
  object space 45568K, 64% used [0x00000000a0000000,0x00000000a1c80390,0x00000000a2c80000)
 Metaspace       used 48803K, capacity 49996K, committed 50304K, reserved 1093632K
  class space    used 6484K, capacity 6758K, committed 6784K, reserved 1048576K
Event: 148,948 GC heap after
Heap after GC invocations=20 (full 2):
 PSYoungGen      total 146432K, used 3840K [0x00000000e0000000, 0x00000000e9b00000, 0x0000000100000000)
  eden space 135168K, 0% used [0x00000000e0000000,0x00000000e0000000,0x00000000e8400000)
  from space 11264K, 34% used [0x00000000e9000000,0x00000000e93c0000,0x00000000e9b00000)
  to   space 11776K, 0% used [0x00000000e8400000,0x00000000e8400000,0x00000000e8f80000)
 ParOldGen       total 45568K, used 34140K [0x00000000a0000000, 0x00000000a2c80000, 0x00000000e0000000)
  object space 45568K, 74% used [0x00000000a0000000,0x00000000a21573c0,0x00000000a2c80000)
 Metaspace       used 48803K, capacity 49996K, committed 50304K, reserved 1093632K
  class space    used 6484K, capacity 6758K, committed 6784K, reserved 1048576K
}
Event: 160,346 GC heap before
{Heap before GC invocations=21 (full 2):
 PSYoungGen      total 146432K, used 139008K [0x00000000e0000000, 0x00000000e9b00000, 0x0000000100000000)
  eden space 135168K, 100% used [0x00000000e0000000,0x00000000e8400000,0x00000000e8400000)
  from space 11264K, 34% used [0x00000000e9000000,0x00000000e93c0000,0x00000000e9b00000)
  to   space 11776K, 0% used [0x00000000e8400000,0x00000000e8400000,0x00000000e8f80000)
 ParOldGen       total 45568K, used 34140K [0x00000000a0000000, 0x00000000a2c80000, 0x00000000e0000000)
  object space 45568K, 74% used [0x00000000a0000000,0x00000000a21573c0,0x00000000a2c80000)
 Metaspace       used 50759K, capacity 52038K, committed 52352K, reserved 1095680K
  class space    used 6677K, capacity 6987K, committed 7040K, reserved 1048576K
Event: 160,511 GC heap after
Heap after GC invocations=21 (full 2):
 PSYoungGen      total 146944K, used 11764K [0x00000000e0000000, 0x00000000ebd80000, 0x0000000100000000)
  eden space 135168K, 0% used [0x00000000e0000000,0x00000000e0000000,0x00000000e8400000)
  from space 11776K, 99% used [0x00000000e8400000,0x00000000e8f7d140,0x00000000e8f80000)
  to   space 15360K, 0% used [0x00000000eae80000,0x00000000eae80000,0x00000000ebd80000)
 ParOldGen       total 45568K, used 38879K [0x00000000a0000000, 0x00000000a2c80000, 0x00000000e0000000)
  object space 45568K, 85% used [0x00000000a0000000,0x00000000a25f7c80,0x00000000a2c80000)
 Metaspace       used 50759K, capacity 52038K, committed 52352K, reserved 1095680K
  class space    used 6677K, capacity 6987K, committed 7040K, reserved 1048576K
}
Event: 160,511 GC heap before
{Heap before GC invocations=22 (full 3):
 PSYoungGen      total 146944K, used 11764K [0x00000000e0000000, 0x00000000ebd80000, 0x0000000100000000)
  eden space 135168K, 0% used [0x00000000e0000000,0x00000000e0000000,0x00000000e8400000)
  from space 11776K, 99% used [0x00000000e8400000,0x00000000e8f7d140,0x00000000e8f80000)
  to   space 15360K, 0% used [0x00000000eae80000,0x00000000eae80000,0x00000000ebd80000)
 ParOldGen       total 45568K, used 38879K [0x00000000a0000000, 0x00000000a2c80000, 0x00000000e0000000)
  object space 45568K, 85% used [0x00000000a0000000,0x00000000a25f7c80,0x00000000a2c80000)
 Metaspace       used 50759K, capacity 52038K, committed 52352K, reserved 1095680K
  class space    used 6677K, capacity 6987K, committed 7040K, reserved 1048576K
Event: 162,348 GC heap after
Heap after GC invocations=22 (full 3):
 PSYoungGen      total 146944K, used 1001K [0x00000000e0000000, 0x00000000ebd80000, 0x0000000100000000)
  eden space 135168K, 0% used [0x00000000e0000000,0x00000000e0000000,0x00000000e8400000)
  from space 11776K, 8% used [0x00000000e8400000,0x00000000e84fa458,0x00000000e8f80000)
  to   space 15360K, 0% used [0x00000000eae80000,0x00000000eae80000,0x00000000ebd80000)
 ParOldGen       total 88576K, used 45144K [0x00000000a0000000, 0x00000000a5680000, 0x00000000e0000000)
  object space 88576K, 50% used [0x00000000a0000000,0x00000000a2c16328,0x00000000a5680000)
 Metaspace       used 50759K, capacity 52038K, committed 52352K, reserved 1095680K
  class space    used 6677K, capacity 6987K, committed 7040K, reserved 1048576K
}
Event: 168,453 GC heap before
{Heap before GC invocations=23 (full 3):
 PSYoungGen      total 146944K, used 136169K [0x00000000e0000000, 0x00000000ebd80000, 0x0000000100000000)
  eden space 135168K, 100% used [0x00000000e0000000,0x00000000e8400000,0x00000000e8400000)
  from space 11776K, 8% used [0x00000000e8400000,0x00000000e84fa458,0x00000000e8f80000)
  to   space 15360K, 0% used [0x00000000eae80000,0x00000000eae80000,0x00000000ebd80000)
 ParOldGen       total 88576K, used 45144K [0x00000000a0000000, 0x00000000a5680000, 0x00000000e0000000)
  object space 88576K, 50% used [0x00000000a0000000,0x00000000a2c16328,0x00000000a5680000)
 Metaspace       used 51274K, capacity 52586K, committed 52992K, reserved 1095680K
  class space    used 6728K, capacity 7057K, committed 7168K, reserved 1048576K
Event: 168,777 GC heap after
Heap after GC invocations=23 (full 3):
 PSYoungGen      total 176128K, used 15349K [0x00000000e0000000, 0x00000000ec180000, 0x0000000100000000)
  eden space 160768K, 0% used [0x00000000e0000000,0x00000000e0000000,0x00000000e9d00000)
  from space 15360K, 99% used [0x00000000eae80000,0x00000000ebd7d5d8,0x00000000ebd80000)
  to   space 17920K, 0% used [0x00000000e9d00000,0x00000000e9d00000,0x00000000eae80000)
 ParOldGen       total 88576K, used 46304K [0x00000000a0000000, 0x00000000a5680000, 0x00000000e0000000)
  object space 88576K, 52% used [0x00000000a0000000,0x00000000a2d383f8,0x00000000a5680000)
 Metaspace       used 51274K, capacity 52586K, committed 52992K, reserved 1095680K
  class space    used 6728K, capacity 7057K, committed 7168K, reserved 1048576K
}

