# JRE version: OpenJDK Runtime Environment (8.0_76-b03) (build 1.8.0_76-release-b03)
# Java VM: OpenJDK 64-Bit Server VM (25.76-b03 mixed mode linux-amd64 compressed oops)
Heap:
 PSYoungGen      total 354816K, used 122601K [0x00000000e0000000, 0x00000000fed00000, 0x0000000100000000)
  eden space 231424K, 27% used [0x00000000e0000000,0x00000000e3db20f0,0x00000000ee200000)
  from space 123392K, 48% used [0x00000000f7480000,0x00000000fae886d8,0x00000000fed00000)
  to   space 136704K, 0% used [0x00000000ee200000,0x00000000ee200000,0x00000000f6780000)
 ParOldGen       total 558080K, used 395696K [0x00000000a0000000, 0x00000000c2100000, 0x00000000e0000000)
  object space 558080K, 70% used [0x00000000a0000000,0x00000000b826c288,0x00000000c2100000)
 Metaspace       used 80410K, capacity 86494K, committed 86784K, reserved 1124352K
  class space    used 10149K, capacity 11127K, committed 11264K, reserved 1048576K
GC Heap History (10 events):
Event: 2406,052 GC heap before
{Heap before GC invocations=82 (full 18):
 PSYoungGen      total 372736K, used 237081K [0x00000000e0000000, 0x0000000100000000, 0x0000000100000000)
  eden space 226304K, 100% used [0x00000000e0000000,0x00000000edd00000,0x00000000edd00000)
  from space 146432K, 7% used [0x00000000edd00000,0x00000000ee786608,0x00000000f6c00000)
  to   space 149504K, 0% used [0x00000000f6e00000,0x00000000f6e00000,0x0000000100000000)
 ParOldGen       total 558080K, used 384873K [0x00000000a0000000, 0x00000000c2100000, 0x00000000e0000000)
  object space 558080K, 68% used [0x00000000a0000000,0x00000000b77da4d0,0x00000000c2100000)
 Metaspace       used 80407K, capacity 86494K, committed 86784K, reserved 1124352K
  class space    used 10149K, capacity 11127K, committed 11264K, reserved 1048576K
Event: 2406,435 GC heap after
Heap after GC invocations=82 (full 18):
 PSYoungGen      total 366592K, used 54996K [0x00000000e0000000, 0x00000000ff500000, 0x0000000100000000)
  eden space 228352K, 0% used [0x00000000e0000000,0x00000000e0000000,0x00000000edf00000)
  from space 138240K, 39% used [0x00000000f6e00000,0x00000000fa3b5230,0x00000000ff500000)
  to   space 142336K, 0% used [0x00000000edf00000,0x00000000edf00000,0x00000000f6a00000)
 ParOldGen       total 558080K, used 395688K [0x00000000a0000000, 0x00000000c2100000, 0x00000000e0000000)
  object space 558080K, 70% used [0x00000000a0000000,0x00000000b826a288,0x00000000c2100000)
 Metaspace       used 80407K, capacity 86494K, committed 86784K, reserved 1124352K
  class space    used 10149K, capacity 11127K, committed 11264K, reserved 1048576K
}
Event: 2409,160 GC heap before
{Heap before GC invocations=83 (full 18):
 PSYoungGen      total 366592K, used 283348K [0x00000000e0000000, 0x00000000ff500000, 0x0000000100000000)
  eden space 228352K, 100% used [0x00000000e0000000,0x00000000edf00000,0x00000000edf00000)
  from space 138240K, 39% used [0x00000000f6e00000,0x00000000fa3b5230,0x00000000ff500000)
  to   space 142336K, 0% used [0x00000000edf00000,0x00000000edf00000,0x00000000f6a00000)
 ParOldGen       total 558080K, used 395688K [0x00000000a0000000, 0x00000000c2100000, 0x00000000e0000000)
  object space 558080K, 70% used [0x00000000a0000000,0x00000000b826a288,0x00000000c2100000)
 Metaspace       used 80407K, capacity 86494K, committed 86784K, reserved 1124352K
  class space    used 10149K, capacity 11127K, committed 11264K, reserved 1048576K
Event: 2409,353 GC heap after
Heap after GC invocations=83 (full 18):
 PSYoungGen      total 370688K, used 60372K [0x00000000e0000000, 0x00000000ff500000, 0x0000000100000000)
  eden space 228352K, 0% used [0x00000000e0000000,0x00000000e0000000,0x00000000edf00000)
  from space 142336K, 42% used [0x00000000edf00000,0x00000000f19f50c0,0x00000000f6a00000)
  to   space 134656K, 0% used [0x00000000f7180000,0x00000000f7180000,0x00000000ff500000)
 ParOldGen       total 558080K, used 395696K [0x00000000a0000000, 0x00000000c2100000, 0x00000000e0000000)
  object space 558080K, 70% used [0x00000000a0000000,0x00000000b826c288,0x00000000c2100000)
 Metaspace       used 80407K, capacity 86494K, committed 86784K, reserved 1124352K
  class space    used 10149K, capacity 11127K, committed 11264K, reserved 1048576K
}
Event: 2410,730 GC heap before
{Heap before GC invocations=84 (full 18):
 PSYoungGen      total 370688K, used 288724K [0x00000000e0000000, 0x00000000ff500000, 0x0000000100000000)
  eden space 228352K, 100% used [0x00000000e0000000,0x00000000edf00000,0x00000000edf00000)
  from space 142336K, 42% used [0x00000000edf00000,0x00000000f19f50c0,0x00000000f6a00000)
  to   space 134656K, 0% used [0x00000000f7180000,0x00000000f7180000,0x00000000ff500000)
 ParOldGen       total 558080K, used 395696K [0x00000000a0000000, 0x00000000c2100000, 0x00000000e0000000)
  object space 558080K, 70% used [0x00000000a0000000,0x00000000b826c288,0x00000000c2100000)
 Metaspace       used 80407K, capacity 86494K, committed 86784K, reserved 1124352K
  class space    used 10149K, capacity 11127K, committed 11264K, reserved 1048576K
Event: 2411,016 GC heap after
Heap after GC invocations=84 (full 18):
 PSYoungGen      total 357888K, used 124433K [0x00000000e0000000, 0x0000000100000000, 0x0000000100000000)
  eden space 223232K, 0% used [0x00000000e0000000,0x00000000e0000000,0x00000000eda00000)
  from space 134656K, 92% used [0x00000000f7180000,0x00000000feb045b8,0x00000000ff500000)
  to   space 150528K, 0% used [0x00000000eda00000,0x00000000eda00000,0x00000000f6d00000)
 ParOldGen       total 558080K, used 395696K [0x00000000a0000000, 0x00000000c2100000, 0x00000000e0000000)
  object space 558080K, 70% used [0x00000000a0000000,0x00000000b826c288,0x00000000c2100000)
 Metaspace       used 80407K, capacity 86494K, committed 86784K, reserved 1124352K
  class space    used 10149K, capacity 11127K, committed 11264K, reserved 1048576K
}
Event: 2412,268 GC heap before
{Heap before GC invocations=85 (full 18):
 PSYoungGen      total 357888K, used 347665K [0x00000000e0000000, 0x0000000100000000, 0x0000000100000000)
  eden space 223232K, 100% used [0x00000000e0000000,0x00000000eda00000,0x00000000eda00000)
  from space 134656K, 92% used [0x00000000f7180000,0x00000000feb045b8,0x00000000ff500000)
  to   space 150528K, 0% used [0x00000000eda00000,0x00000000eda00000,0x00000000f6d00000)
 ParOldGen       total 558080K, used 395696K [0x00000000a0000000, 0x00000000c2100000, 0x00000000e0000000)
  object space 558080K, 70% used [0x00000000a0000000,0x00000000b826c288,0x00000000c2100000)
 Metaspace       used 80408K, capacity 86494K, committed 86784K, reserved 1124352K
  class space    used 10149K, capacity 11127K, committed 11264K, reserved 1048576K
Event: 2412,489 GC heap after
Heap after GC invocations=85 (full 18):
 PSYoungGen      total 373760K, used 68257K [0x00000000e0000000, 0x00000000fff80000, 0x0000000100000000)
  eden space 223232K, 0% used [0x00000000e0000000,0x00000000e0000000,0x00000000eda00000)
  from space 150528K, 45% used [0x00000000eda00000,0x00000000f1ca85b8,0x00000000f6d00000)
  to   space 142336K, 0% used [0x00000000f7480000,0x00000000f7480000,0x00000000fff80000)
 ParOldGen       total 558080K, used 395696K [0x00000000a0000000, 0x00000000c2100000, 0x00000000e0000000)
  object space 558080K, 70% used [0x00000000a0000000,0x00000000b826c288,0x00000000c2100000)
 Metaspace       used 80408K, capacity 86494K, committed 86784K, reserved 1124352K
  class space    used 10149K, capacity 11127K, committed 11264K, reserved 1048576K
}
Event: 2414,391 GC heap before
{Heap before GC invocations=86 (full 18):
 PSYoungGen      total 373760K, used 291489K [0x00000000e0000000, 0x00000000fff80000, 0x0000000100000000)
  eden space 223232K, 100% used [0x00000000e0000000,0x00000000eda00000,0x00000000eda00000)
  from space 150528K, 45% used [0x00000000eda00000,0x00000000f1ca85b8,0x00000000f6d00000)
  to   space 142336K, 0% used [0x00000000f7480000,0x00000000f7480000,0x00000000fff80000)
 ParOldGen       total 558080K, used 395696K [0x00000000a0000000, 0x00000000c2100000, 0x00000000e0000000)
  object space 558080K, 70% used [0x00000000a0000000,0x00000000b826c288,0x00000000c2100000)
 Metaspace       used 80410K, capacity 86494K, committed 86784K, reserved 1124352K
  class space    used 10149K, capacity 11127K, committed 11264K, reserved 1048576K
Event: 2414,749 GC heap after
Heap after GC invocations=86 (full 18):
 PSYoungGen      total 354816K, used 59425K [0x00000000e0000000, 0x00000000fed00000, 0x0000000100000000)
  eden space 231424K, 0% used [0x00000000e0000000,0x00000000e0000000,0x00000000ee200000)
  from space 123392K, 48% used [0x00000000f7480000,0x00000000fae886d8,0x00000000fed00000)
  to   space 136704K, 0% used [0x00000000ee200000,0x00000000ee200000,0x00000000f6780000)
 ParOldGen       total 558080K, used 395696K [0x00000000a0000000, 0x00000000c2100000, 0x00000000e0000000)
  object space 558080K, 70% used [0x00000000a0000000,0x00000000b826c288,0x00000000c2100000)
 Metaspace       used 80410K, capacity 86494K, committed 86784K, reserved 1124352K
  class space    used 10149K, capacity 11127K, committed 11264K, reserved 1048576K
}

