# JRE version: OpenJDK Runtime Environment (8.0_76-b03) (build 1.8.0_76-release-b03)
# Java VM: OpenJDK 64-Bit Server VM (25.76-b03 mixed mode linux-amd64 compressed oops)
Heap:
 PSYoungGen      total 450048K, used 278874K [0x00000000e0000000, 0x0000000100000000, 0x0000000100000000)
  eden space 393216K, 70% used [0x00000000e0000000,0x00000000f1056890,0x00000000f8000000)
  from space 56832K, 0% used [0x00000000f8000000,0x00000000f8000000,0x00000000fb780000)
  to   space 72192K, 0% used [0x00000000fb980000,0x00000000fb980000,0x0000000100000000)
 ParOldGen       total 244736K, used 138576K [0x00000000a0000000, 0x00000000aef00000, 0x00000000e0000000)
  object space 244736K, 56% used [0x00000000a0000000,0x00000000a8754120,0x00000000aef00000)
 Metaspace       used 64077K, capacity 65772K, committed 65920K, reserved 1105920K
  class space    used 8090K, capacity 8460K, committed 8576K, reserved 1048576K
GC Heap History (10 events):
Event: 142,983 GC heap before
{Heap before GC invocations=26 (full 4):
 PSYoungGen      total 428544K, used 46564K [0x00000000e0000000, 0x00000000ff680000, 0x0000000100000000)
  eden space 381952K, 0% used [0x00000000e0000000,0x00000000e0000000,0x00000000f7500000)
  from space 46592K, 99% used [0x00000000faf00000,0x00000000fdc79390,0x00000000fdc80000)
  to   space 59392K, 0% used [0x00000000f7500000,0x00000000f7500000,0x00000000faf00000)
 ParOldGen       total 126976K, used 106933K [0x00000000a0000000, 0x00000000a7c00000, 0x00000000e0000000)
  object space 126976K, 84% used [0x00000000a0000000,0x00000000a686d7b8,0x00000000a7c00000)
 Metaspace       used 63931K, capacity 65622K, committed 65792K, reserved 1105920K
  class space    used 8088K, capacity 8431K, committed 8448K, reserved 1048576K
Event: 146,167 GC heap after
Heap after GC invocations=26 (full 4):
 PSYoungGen      total 428544K, used 0K [0x00000000e0000000, 0x00000000ff680000, 0x0000000100000000)
  eden space 381952K, 0% used [0x00000000e0000000,0x00000000e0000000,0x00000000f7500000)
  from space 46592K, 0% used [0x00000000faf00000,0x00000000faf00000,0x00000000fdc80000)
  to   space 59392K, 0% used [0x00000000f7500000,0x00000000f7500000,0x00000000faf00000)
 ParOldGen       total 181248K, used 100248K [0x00000000a0000000, 0x00000000ab100000, 0x00000000e0000000)
  object space 181248K, 55% used [0x00000000a0000000,0x00000000a61e6390,0x00000000ab100000)
 Metaspace       used 63927K, capacity 65612K, committed 65792K, reserved 1105920K
  class space    used 8086K, capacity 8428K, committed 8448K, reserved 1048576K
}
Event: 160,891 GC heap before
{Heap before GC invocations=27 (full 4):
 PSYoungGen      total 428544K, used 381952K [0x00000000e0000000, 0x00000000ff680000, 0x0000000100000000)
  eden space 381952K, 100% used [0x00000000e0000000,0x00000000f7500000,0x00000000f7500000)
  from space 46592K, 0% used [0x00000000faf00000,0x00000000faf00000,0x00000000fdc80000)
  to   space 59392K, 0% used [0x00000000f7500000,0x00000000f7500000,0x00000000faf00000)
 ParOldGen       total 181248K, used 100248K [0x00000000a0000000, 0x00000000ab100000, 0x00000000e0000000)
  object space 181248K, 55% used [0x00000000a0000000,0x00000000a61e6390,0x00000000ab100000)
 Metaspace       used 64030K, capacity 65708K, committed 65920K, reserved 1105920K
  class space    used 8089K, capacity 8460K, committed 8576K, reserved 1048576K
Event: 161,207 GC heap after
Heap after GC invocations=27 (full 4):
 PSYoungGen      total 441344K, used 34468K [0x00000000e0000000, 0x0000000100000000, 0x0000000100000000)
  eden space 381952K, 0% used [0x00000000e0000000,0x00000000e0000000,0x00000000f7500000)
  from space 59392K, 58% used [0x00000000f7500000,0x00000000f96a91c0,0x00000000faf00000)
  to   space 59392K, 0% used [0x00000000fc600000,0x00000000fc600000,0x0000000100000000)
 ParOldGen       total 181248K, used 100256K [0x00000000a0000000, 0x00000000ab100000, 0x00000000e0000000)
  object space 181248K, 55% used [0x00000000a0000000,0x00000000a61e8390,0x00000000ab100000)
 Metaspace       used 64030K, capacity 65708K, committed 65920K, reserved 1105920K
  class space    used 8089K, capacity 8460K, committed 8576K, reserved 1048576K
}
Event: 167,821 GC heap before
{Heap before GC invocations=28 (full 4):
 PSYoungGen      total 441344K, used 416420K [0x00000000e0000000, 0x0000000100000000, 0x0000000100000000)
  eden space 381952K, 100% used [0x00000000e0000000,0x00000000f7500000,0x00000000f7500000)
  from space 59392K, 58% used [0x00000000f7500000,0x00000000f96a91c0,0x00000000faf00000)
  to   space 59392K, 0% used [0x00000000fc600000,0x00000000fc600000,0x0000000100000000)
 ParOldGen       total 181248K, used 100256K [0x00000000a0000000, 0x00000000ab100000, 0x00000000e0000000)
  object space 181248K, 55% used [0x00000000a0000000,0x00000000a61e8390,0x00000000ab100000)
 Metaspace       used 64051K, capacity 65708K, committed 65920K, reserved 1105920K
  class space    used 8090K, capacity 8460K, committed 8576K, reserved 1048576K
Event: 168,635 GC heap after
Heap after GC invocations=28 (full 4):
 PSYoungGen      total 452608K, used 51675K [0x00000000e0000000, 0x0000000100000000, 0x0000000100000000)
  eden space 393216K, 0% used [0x00000000e0000000,0x00000000e0000000,0x00000000f8000000)
  from space 59392K, 87% used [0x00000000fc600000,0x00000000ff876ca8,0x0000000100000000)
  to   space 65536K, 0% used [0x00000000f8000000,0x00000000f8000000,0x00000000fc000000)
 ParOldGen       total 181248K, used 127436K [0x00000000a0000000, 0x00000000ab100000, 0x00000000e0000000)
  object space 181248K, 70% used [0x00000000a0000000,0x00000000a7c73000,0x00000000ab100000)
 Metaspace       used 64051K, capacity 65708K, committed 65920K, reserved 1105920K
  class space    used 8090K, capacity 8460K, committed 8576K, reserved 1048576K
}
Event: 175,837 GC heap before
{Heap before GC invocations=29 (full 4):
 PSYoungGen      total 452608K, used 444891K [0x00000000e0000000, 0x0000000100000000, 0x0000000100000000)
  eden space 393216K, 100% used [0x00000000e0000000,0x00000000f8000000,0x00000000f8000000)
  from space 59392K, 87% used [0x00000000fc600000,0x00000000ff876ca8,0x0000000100000000)
  to   space 65536K, 0% used [0x00000000f8000000,0x00000000f8000000,0x00000000fc000000)
 ParOldGen       total 181248K, used 127436K [0x00000000a0000000, 0x00000000ab100000, 0x00000000e0000000)
  object space 181248K, 70% used [0x00000000a0000000,0x00000000a7c73000,0x00000000ab100000)
 Metaspace       used 64073K, capacity 65772K, committed 65920K, reserved 1105920K
  class space    used 8090K, capacity 8460K, committed 8576K, reserved 1048576K
Event: 176,808 GC heap after
Heap after GC invocations=29 (full 4):
 PSYoungGen      total 450048K, used 56613K [0x00000000e0000000, 0x0000000100000000, 0x0000000100000000)
  eden space 393216K, 0% used [0x00000000e0000000,0x00000000e0000000,0x00000000f8000000)
  from space 56832K, 99% used [0x00000000f8000000,0x00000000fb749608,0x00000000fb780000)
  to   space 72192K, 0% used [0x00000000fb980000,0x00000000fb980000,0x0000000100000000)
 ParOldGen       total 181248K, used 162200K [0x00000000a0000000, 0x00000000ab100000, 0x00000000e0000000)
  object space 181248K, 89% used [0x00000000a0000000,0x00000000a9e661b0,0x00000000ab100000)
 Metaspace       used 64073K, capacity 65772K, committed 65920K, reserved 1105920K
  class space    used 8090K, capacity 8460K, committed 8576K, reserved 1048576K
}
Event: 176,808 GC heap before
{Heap before GC invocations=30 (full 5):
 PSYoungGen      total 450048K, used 56613K [0x00000000e0000000, 0x0000000100000000, 0x0000000100000000)
  eden space 393216K, 0% used [0x00000000e0000000,0x00000000e0000000,0x00000000f8000000)
  from space 56832K, 99% used [0x00000000f8000000,0x00000000fb749608,0x00000000fb780000)
  to   space 72192K, 0% used [0x00000000fb980000,0x00000000fb980000,0x0000000100000000)
 ParOldGen       total 181248K, used 162200K [0x00000000a0000000, 0x00000000ab100000, 0x00000000e0000000)
  object space 181248K, 89% used [0x00000000a0000000,0x00000000a9e661b0,0x00000000ab100000)
 Metaspace       used 64073K, capacity 65772K, committed 65920K, reserved 1105920K
  class space    used 8090K, capacity 8460K, committed 8576K, reserved 1048576K
Event: 181,755 GC heap after
Heap after GC invocations=30 (full 5):
 PSYoungGen      total 450048K, used 0K [0x00000000e0000000, 0x0000000100000000, 0x0000000100000000)
  eden space 393216K, 0% used [0x00000000e0000000,0x00000000e0000000,0x00000000f8000000)
  from space 56832K, 0% used [0x00000000f8000000,0x00000000f8000000,0x00000000fb780000)
  to   space 72192K, 0% used [0x00000000fb980000,0x00000000fb980000,0x0000000100000000)
 ParOldGen       total 244736K, used 138576K [0x00000000a0000000, 0x00000000aef00000, 0x00000000e0000000)
  object space 244736K, 56% used [0x00000000a0000000,0x00000000a8754120,0x00000000aef00000)
 Metaspace       used 64073K, capacity 65772K, committed 65920K, reserved 1105920K
  class space    used 8090K, capacity 8460K, committed 8576K, reserved 1048576K
}

