# JRE version: OpenJDK Runtime Environment (8.0_76-b03) (build 1.8.0_76-release-b03)
# Java VM: OpenJDK 64-Bit Server VM (25.76-b03 mixed mode linux-amd64 compressed oops)
Heap:
 PSYoungGen      total 181248K, used 11752K [0x00000000e0000000, 0x00000000ecc00000, 0x0000000100000000)
  eden space 169472K, 0% used [0x00000000e0000000,0x00000000e0000000,0x00000000ea580000)
  from space 11776K, 99% used [0x00000000eb680000,0x00000000ec1fa2a0,0x00000000ec200000)
  to   space 17408K, 0% used [0x00000000ea580000,0x00000000ea580000,0x00000000eb680000)
 ParOldGen       total 43008K, used 42922K [0x00000000a0000000, 0x00000000a2a00000, 0x00000000e0000000)
  object space 43008K, 99% used [0x00000000a0000000,0x00000000a29eab80,0x00000000a2a00000)
 Metaspace       used 50639K, capacity 51894K, committed 52096K, reserved 1093632K
  class space    used 6664K, capacity 6959K, committed 7040K, reserved 1048576K
GC Heap History (10 events):
Event: 25,070 GC heap after
Heap after GC invocations=18 (full 2):
 PSYoungGen      total 114176K, used 6644K [0x00000000e0000000, 0x00000000e7980000, 0x0000000100000000)
  eden space 107520K, 0% used [0x00000000e0000000,0x00000000e0000000,0x00000000e6900000)
  from space 6656K, 99% used [0x00000000e7300000,0x00000000e797d2c0,0x00000000e7980000)
  to   space 7680K, 0% used [0x00000000e6a80000,0x00000000e6a80000,0x00000000e7200000)
 ParOldGen       total 41472K, used 15861K [0x00000000a0000000, 0x00000000a2880000, 0x00000000e0000000)
  object space 41472K, 38% used [0x00000000a0000000,0x00000000a0f7d708,0x00000000a2880000)
 Metaspace       used 41842K, capacity 42644K, committed 43008K, reserved 1087488K
  class space    used 5592K, capacity 5812K, committed 5888K, reserved 1048576K
}
Event: 28,302 GC heap before
{Heap before GC invocations=19 (full 2):
 PSYoungGen      total 114176K, used 114164K [0x00000000e0000000, 0x00000000e7980000, 0x0000000100000000)
  eden space 107520K, 100% used [0x00000000e0000000,0x00000000e6900000,0x00000000e6900000)
  from space 6656K, 99% used [0x00000000e7300000,0x00000000e797d2c0,0x00000000e7980000)
  to   space 7680K, 0% used [0x00000000e6a80000,0x00000000e6a80000,0x00000000e7200000)
 ParOldGen       total 41472K, used 15861K [0x00000000a0000000, 0x00000000a2880000, 0x00000000e0000000)
  object space 41472K, 38% used [0x00000000a0000000,0x00000000a0f7d708,0x00000000a2880000)
 Metaspace       used 45364K, capacity 46464K, committed 46592K, reserved 1089536K
  class space    used 6106K, capacity 6348K, committed 6400K, reserved 1048576K
Event: 28,354 GC heap after
Heap after GC invocations=19 (full 2):
 PSYoungGen      total 116736K, used 7674K [0x00000000e0000000, 0x00000000e9d00000, 0x0000000100000000)
  eden space 109056K, 0% used [0x00000000e0000000,0x00000000e0000000,0x00000000e6a80000)
  from space 7680K, 99% used [0x00000000e6a80000,0x00000000e71febe0,0x00000000e7200000)
  to   space 10752K, 0% used [0x00000000e9280000,0x00000000e9280000,0x00000000e9d00000)
 ParOldGen       total 41472K, used 21587K [0x00000000a0000000, 0x00000000a2880000, 0x00000000e0000000)
  object space 41472K, 52% used [0x00000000a0000000,0x00000000a1514c10,0x00000000a2880000)
 Metaspace       used 45364K, capacity 46464K, committed 46592K, reserved 1089536K
  class space    used 6106K, capacity 6348K, committed 6400K, reserved 1048576K
}
Event: 35,274 GC heap before
{Heap before GC invocations=20 (full 2):
 PSYoungGen      total 116736K, used 116730K [0x00000000e0000000, 0x00000000e9d00000, 0x0000000100000000)
  eden space 109056K, 100% used [0x00000000e0000000,0x00000000e6a80000,0x00000000e6a80000)
  from space 7680K, 99% used [0x00000000e6a80000,0x00000000e71febe0,0x00000000e7200000)
  to   space 10752K, 0% used [0x00000000e9280000,0x00000000e9280000,0x00000000e9d00000)
 ParOldGen       total 41472K, used 21587K [0x00000000a0000000, 0x00000000a2880000, 0x00000000e0000000)
  object space 41472K, 52% used [0x00000000a0000000,0x00000000a1514c10,0x00000000a2880000)
 Metaspace       used 48515K, capacity 49808K, committed 50048K, reserved 1093632K
  class space    used 6463K, capacity 6760K, committed 6784K, reserved 1048576K
Event: 35,336 GC heap after
Heap after GC invocations=20 (full 2):
 PSYoungGen      total 149504K, used 7354K [0x00000000e0000000, 0x00000000e9e00000, 0x0000000100000000)
  eden space 138752K, 0% used [0x00000000e0000000,0x00000000e0000000,0x00000000e8780000)
  from space 10752K, 68% used [0x00000000e9280000,0x00000000e99aeba8,0x00000000e9d00000)
  to   space 11264K, 0% used [0x00000000e8780000,0x00000000e8780000,0x00000000e9280000)
 ParOldGen       total 41472K, used 28537K [0x00000000a0000000, 0x00000000a2880000, 0x00000000e0000000)
  object space 41472K, 68% used [0x00000000a0000000,0x00000000a1bde4b0,0x00000000a2880000)
 Metaspace       used 48515K, capacity 49808K, committed 50048K, reserved 1093632K
  class space    used 6463K, capacity 6760K, committed 6784K, reserved 1048576K
}
Event: 41,247 GC heap before
{Heap before GC invocations=21 (full 2):
 PSYoungGen      total 149504K, used 146106K [0x00000000e0000000, 0x00000000e9e00000, 0x0000000100000000)
  eden space 138752K, 100% used [0x00000000e0000000,0x00000000e8780000,0x00000000e8780000)
  from space 10752K, 68% used [0x00000000e9280000,0x00000000e99aeba8,0x00000000e9d00000)
  to   space 11264K, 0% used [0x00000000e8780000,0x00000000e8780000,0x00000000e9280000)
 ParOldGen       total 41472K, used 28537K [0x00000000a0000000, 0x00000000a2880000, 0x00000000e0000000)
  object space 41472K, 68% used [0x00000000a0000000,0x00000000a1bde4b0,0x00000000a2880000)
 Metaspace       used 50209K, capacity 51510K, committed 51840K, reserved 1093632K
  class space    used 6650K, capacity 6959K, committed 7040K, reserved 1048576K
Event: 41,358 GC heap after
Heap after GC invocations=21 (full 2):
 PSYoungGen      total 150016K, used 8017K [0x00000000e0000000, 0x00000000ec200000, 0x0000000100000000)
  eden space 138752K, 0% used [0x00000000e0000000,0x00000000e0000000,0x00000000e8780000)
  from space 11264K, 71% used [0x00000000e8780000,0x00000000e8f547b8,0x00000000e9280000)
  to   space 11776K, 0% used [0x00000000eb680000,0x00000000eb680000,0x00000000ec200000)
 ParOldGen       total 41472K, used 32553K [0x00000000a0000000, 0x00000000a2880000, 0x00000000e0000000)
  object space 41472K, 78% used [0x00000000a0000000,0x00000000a1fca4f0,0x00000000a2880000)
 Metaspace       used 50209K, capacity 51510K, committed 51840K, reserved 1093632K
  class space    used 6650K, capacity 6959K, committed 7040K, reserved 1048576K
}
Event: 45,451 GC heap before
{Heap before GC invocations=22 (full 2):
 PSYoungGen      total 150016K, used 146769K [0x00000000e0000000, 0x00000000ec200000, 0x0000000100000000)
  eden space 138752K, 100% used [0x00000000e0000000,0x00000000e8780000,0x00000000e8780000)
  from space 11264K, 71% used [0x00000000e8780000,0x00000000e8f547b8,0x00000000e9280000)
  to   space 11776K, 0% used [0x00000000eb680000,0x00000000eb680000,0x00000000ec200000)
 ParOldGen       total 41472K, used 32553K [0x00000000a0000000, 0x00000000a2880000, 0x00000000e0000000)
  object space 41472K, 78% used [0x00000000a0000000,0x00000000a1fca4f0,0x00000000a2880000)
 Metaspace       used 50639K, capacity 51894K, committed 52096K, reserved 1093632K
  class space    used 6664K, capacity 6959K, committed 7040K, reserved 1048576K
Event: 45,541 GC heap after
Heap after GC invocations=22 (full 2):
 PSYoungGen      total 181248K, used 11752K [0x00000000e0000000, 0x00000000ecc00000, 0x0000000100000000)
  eden space 169472K, 0% used [0x00000000e0000000,0x00000000e0000000,0x00000000ea580000)
  from space 11776K, 99% used [0x00000000eb680000,0x00000000ec1fa2a0,0x00000000ec200000)
  to   space 17408K, 0% used [0x00000000ea580000,0x00000000ea580000,0x00000000eb680000)
 ParOldGen       total 43008K, used 42922K [0x00000000a0000000, 0x00000000a2a00000, 0x00000000e0000000)
  object space 43008K, 99% used [0x00000000a0000000,0x00000000a29eab80,0x00000000a2a00000)
 Metaspace       used 50639K, capacity 51894K, committed 52096K, reserved 1093632K
  class space    used 6664K, capacity 6959K, committed 7040K, reserved 1048576K
}
Event: 45,541 GC heap before
{Heap before GC invocations=23 (full 3):
 PSYoungGen      total 181248K, used 11752K [0x00000000e0000000, 0x00000000ecc00000, 0x0000000100000000)
  eden space 169472K, 0% used [0x00000000e0000000,0x00000000e0000000,0x00000000ea580000)
  from space 11776K, 99% used [0x00000000eb680000,0x00000000ec1fa2a0,0x00000000ec200000)
  to   space 17408K, 0% used [0x00000000ea580000,0x00000000ea580000,0x00000000eb680000)
 ParOldGen       total 43008K, used 42922K [0x00000000a0000000, 0x00000000a2a00000, 0x00000000e0000000)
  object space 43008K, 99% used [0x00000000a0000000,0x00000000a29eab80,0x00000000a2a00000)
 Metaspace       used 50639K, capacity 51894K, committed 52096K, reserved 1093632K
  class space    used 6664K, capacity 6959K, committed 7040K, reserved 1048576K

